============================= test session starts =============================
platform win32 -- Python 3.13.14, pytest-9.1.1, pluggy-1.6.0
rootdir: C:\Users\SAMIR ACOSTA\device_systems
configfile: pytest.ini
testpaths: tests
plugins: anyio-4.15.1
collected 142 items

tests\test_security.py ................................................. [ 34%]
....................                                                     [ 48%]
tests\test_security_migration.py ..                                      [ 50%]
tests\test_users.py .................................................... [ 86%]
...................                                                      [100%]

============================== warnings summary ===============================
.venv\Lib\site-packages\fastapi\testclient.py:1
  C:\Users\SAMIR ACOSTA\device_systems\.venv\Lib\site-packages\fastapi\testclient.py:1: StarletteDeprecationWarning: Using `httpx` with `starlette.testclient` is deprecated; install `httpx2` instead.
    from starlette.testclient import TestClient as TestClient  # noqa

.venv\Lib\site-packages\starlette\testclient.py:53
  C:\Users\SAMIR ACOSTA\device_systems\.venv\Lib\site-packages\starlette\testclient.py:53: DeprecationWarning: The anyio.abc.BlockingPortal alias is deprecated, use anyio.from_thread.BlockingPortal instead.
    _PortalFactoryType = Callable[[], AbstractContextManager[anyio.abc.BlockingPortal]]

-- Docs: https://docs.pytest.org/en/stable/how-to/capture-warnings.html
====================== 142 passed, 2 warnings in 25.31s =======================
